<?xml version="1.0" encoding="UTF-8"?>
<testsuites name="jest tests" tests="1" failures="0" errors="0" time="1.677">
  <testsuite name="[App]" errors="0" failures="0" skipped="0" timestamp="2022-04-28T22:36:38" time="1.089" tests="1">
    <testcase classname="[App] should render component" name="[App] should render component" time="0.023">
    </testcase>
  </testsuite>
</testsuites>